<?xml version="1.0" encoding="UTF-8"?>
<!-- Generated by org.testng.reporters.JUnitReportReporter -->
<testsuite hostname="dhanunja01-mac" failures="0" tests="2" name="com.qa.tests.LoginTests" time="17.117" errors="0" timestamp="2024-01-10T11:36:58 EST" skipped="0">
  <testcase classname="com.qa.tests.LoginTests" name="launch" time="1.052"/>
  <testcase classname="com.qa.tests.LoginTests" name="loginValidation" time="16.065"/>
</testsuite> <!-- com.qa.tests.LoginTests -->
