<?xml version="1.0" encoding="UTF-8"?>
<!-- Generated by org.testng.reporters.JUnitReportReporter -->
<testsuite hostname="dhanunja01-mac" failures="0" tests="1" name="tesCases" time="0.006" errors="0" timestamp="2023-11-16T08:14:06 EST" skipped="0">
  <testcase classname="tesCases" name="test1" time="0.006"/>
</testsuite> <!-- tesCases -->
